This file contains any messages produced by compilers while
running configure, to aid debugging if configure makes a mistake.

It was created by libframe configure 8.30, which was
generated by GNU Autoconf 2.69.  Invocation command line was

  $ configure --silent --enable-silent-rules --prefix=//home/daniel/.virtualenvs/IGRlaptop21/test-lalinstallers

## --------- ##
## Platform. ##
## --------- ##

hostname = IGRlaptop21
uname -m = x86_64
uname -r = 4.4.0-79-generic
uname -s = Linux
uname -v = #100-Ubuntu SMP Wed May 17 19:58:14 UTC 2017

/usr/bin/uname -p = unknown
/bin/uname -X     = unknown

/bin/arch              = unknown
/usr/bin/arch -k       = unknown
/usr/convex/getsysinfo = unknown
/usr/bin/hostinfo      = unknown
/bin/machine           = unknown
/usr/bin/oslevel       = unknown
/bin/universe          = unknown

PATH: /home/daniel/.virtualenvs/IGRlaptop21/test-lalinstallers/bin
PATH: /usr/local/sbin
PATH: /usr/local/bin
PATH: /usr/sbin
PATH: /usr/bin
PATH: /sbin
PATH: /bin
PATH: /usr/games
PATH: /usr/local/games
PATH: /snap/bin
PATH: /home/daniel/.local/bin


## ----------- ##
## Core tests. ##
## ----------- ##

configure:2372: checking for a BSD-compatible install
configure:2440: result: /usr/bin/install -c
configure:2451: checking whether build environment is sane
configure:2506: result: yes
configure:2657: checking for a thread-safe mkdir -p
configure:2696: result: /bin/mkdir -p
configure:2703: checking for gawk
configure:2733: result: no
configure:2703: checking for mawk
configure:2719: found /usr/bin/mawk
configure:2730: result: mawk
configure:2741: checking whether make sets $(MAKE)
configure:2763: result: yes
configure:2792: checking whether make supports nested variables
configure:2809: result: yes
configure:2939: checking build system type
configure:2953: result: x86_64-unknown-linux-gnu
configure:2973: checking host system type
configure:2986: result: x86_64-unknown-linux-gnu
configure:3047: checking for style of include used by make
configure:3075: result: GNU
configure:3146: checking for gcc
configure:3162: found /usr/bin/gcc
configure:3173: result: gcc
configure:3402: checking for C compiler version
configure:3411: gcc --version >&5
gcc (Ubuntu 5.4.0-6ubuntu1~16.04.4) 5.4.0 20160609
Copyright (C) 2015 Free Software Foundation, Inc.
This is free software; see the source for copying conditions.  There is NO
warranty; not even for MERCHANTABILITY or FITNESS FOR A PARTICULAR PURPOSE.

configure:3422: $? = 0
configure:3411: gcc -v >&5
Using built-in specs.
COLLECT_GCC=gcc
COLLECT_LTO_WRAPPER=/usr/lib/gcc/x86_64-linux-gnu/5/lto-wrapper
Target: x86_64-linux-gnu
Configured with: ../src/configure -v --with-pkgversion='Ubuntu 5.4.0-6ubuntu1~16.04.4' --with-bugurl=file:///usr/share/doc/gcc-5/README.Bugs --enable-languages=c,ada,c++,java,go,d,fortran,objc,obj-c++ --prefix=/usr --program-suffix=-5 --enable-shared --enable-linker-build-id --libexecdir=/usr/lib --without-included-gettext --enable-threads=posix --libdir=/usr/lib --enable-nls --with-sysroot=/ --enable-clocale=gnu --enable-libstdcxx-debug --enable-libstdcxx-time=yes --with-default-libstdcxx-abi=new --enable-gnu-unique-object --disable-vtable-verify --enable-libmpx --enable-plugin --with-system-zlib --disable-browser-plugin --enable-java-awt=gtk --enable-gtk-cairo --with-java-home=/usr/lib/jvm/java-1.5.0-gcj-5-amd64/jre --enable-java-home --with-jvm-root-dir=/usr/lib/jvm/java-1.5.0-gcj-5-amd64 --with-jvm-jar-dir=/usr/lib/jvm-exports/java-1.5.0-gcj-5-amd64 --with-arch-directory=amd64 --with-ecj-jar=/usr/share/java/eclipse-ecj.jar --enable-objc-gc --enable-multiarch --disable-werror --with-arch-32=i686 --with-abi=m64 --with-multilib-list=m32,m64,mx32 --enable-multilib --with-tune=generic --enable-checking=release --build=x86_64-linux-gnu --host=x86_64-linux-gnu --target=x86_64-linux-gnu
Thread model: posix
gcc version 5.4.0 20160609 (Ubuntu 5.4.0-6ubuntu1~16.04.4) 
configure:3422: $? = 0
configure:3411: gcc -V >&5
gcc: error: unrecognized command line option '-V'
gcc: fatal error: no input files
compilation terminated.
configure:3422: $? = 1
configure:3411: gcc -qversion >&5
gcc: error: unrecognized command line option '-qversion'
gcc: fatal error: no input files
compilation terminated.
configure:3422: $? = 1
configure:3442: checking whether the C compiler works
configure:3464: gcc    conftest.c  >&5
configure:3468: $? = 0
configure:3516: result: yes
configure:3519: checking for C compiler default output file name
configure:3521: result: a.out
configure:3527: checking for suffix of executables
configure:3534: gcc -o conftest    conftest.c  >&5
configure:3538: $? = 0
configure:3560: result: 
configure:3582: checking whether we are cross compiling
configure:3590: gcc -o conftest    conftest.c  >&5
configure:3594: $? = 0
configure:3601: ./conftest
configure:3605: $? = 0
configure:3620: result: no
configure:3625: checking for suffix of object files
configure:3647: gcc -c   conftest.c >&5
configure:3651: $? = 0
configure:3672: result: o
configure:3676: checking whether we are using the GNU C compiler
configure:3695: gcc -c   conftest.c >&5
configure:3695: $? = 0
configure:3704: result: yes
configure:3713: checking whether gcc accepts -g
configure:3733: gcc -c -g  conftest.c >&5
configure:3733: $? = 0
configure:3774: result: yes
configure:3791: checking for gcc option to accept ISO C89
configure:3854: gcc  -c -g -O2  conftest.c >&5
configure:3854: $? = 0
configure:3867: result: none needed
configure:3892: checking whether gcc understands -c and -o together
configure:3914: gcc -c conftest.c -o conftest2.o
configure:3917: $? = 0
configure:3914: gcc -c conftest.c -o conftest2.o
configure:3917: $? = 0
configure:3929: result: yes
configure:3948: checking dependency style of gcc
configure:4059: result: gcc3
configure:4078: checking for gcc option to accept ISO C99
configure:4227: gcc  -c -g -O2  conftest.c >&5
configure:4227: $? = 0
configure:4240: result: none needed
configure:4348: checking for gcc option to accept ISO Standard C
configure:4359: result: none needed
configure:4414: checking how to print strings
configure:4441: result: printf
configure:4462: checking for a sed that does not truncate output
configure:4526: result: /bin/sed
configure:4544: checking for grep that handles long lines and -e
configure:4602: result: /bin/grep
configure:4607: checking for egrep
configure:4669: result: /bin/grep -E
configure:4674: checking for fgrep
configure:4736: result: /bin/grep -F
configure:4771: checking for ld used by gcc
configure:4838: result: /usr/bin/ld
configure:4845: checking if the linker (/usr/bin/ld) is GNU ld
configure:4860: result: yes
configure:4872: checking for BSD- or MS-compatible name lister (nm)
configure:4926: result: /usr/bin/nm -B
configure:5056: checking the name lister (/usr/bin/nm -B) interface
configure:5063: gcc -c -g -O2  conftest.c >&5
configure:5066: /usr/bin/nm -B "conftest.o"
configure:5069: output
0000000000000000 B some_variable
configure:5076: result: BSD nm
configure:5079: checking whether ln -s works
configure:5083: result: yes
configure:5091: checking the maximum length of command line arguments
configure:5222: result: 1572864
configure:5270: checking how to convert x86_64-unknown-linux-gnu file names to x86_64-unknown-linux-gnu format
configure:5310: result: func_convert_file_noop
configure:5317: checking how to convert x86_64-unknown-linux-gnu file names to toolchain format
configure:5337: result: func_convert_file_noop
configure:5344: checking for /usr/bin/ld option to reload object files
configure:5351: result: -r
configure:5425: checking for objdump
configure:5441: found /usr/bin/objdump
configure:5452: result: objdump
configure:5484: checking how to recognize dependent libraries
configure:5684: result: pass_all
configure:5769: checking for dlltool
configure:5799: result: no
configure:5829: checking how to associate runtime and link libraries
configure:5856: result: printf %s\n
configure:5917: checking for ar
configure:5933: found /usr/bin/ar
configure:5944: result: ar
configure:5981: checking for archiver @FILE support
configure:5998: gcc -c -g -O2  conftest.c >&5
configure:5998: $? = 0
configure:6001: ar cru libconftest.a @conftest.lst >&5
ar: `u' modifier ignored since `D' is the default (see `U')
configure:6004: $? = 0
configure:6009: ar cru libconftest.a @conftest.lst >&5
ar: `u' modifier ignored since `D' is the default (see `U')
ar: conftest.o: No such file or directory
configure:6012: $? = 1
configure:6024: result: @
configure:6082: checking for strip
configure:6098: found /usr/bin/strip
configure:6109: result: strip
configure:6181: checking for ranlib
configure:6197: found /usr/bin/ranlib
configure:6208: result: ranlib
configure:6310: checking command to parse /usr/bin/nm -B output from gcc object
configure:6463: gcc -c -g -O2  conftest.c >&5
configure:6466: $? = 0
configure:6470: /usr/bin/nm -B conftest.o \| sed -n -e 's/^.*[ ]\([ABCDGIRSTW][ABCDGIRSTW]*\)[ ][ ]*\([_A-Za-z][_A-Za-z0-9]*\)$/\1 \2 \2/p' | sed '/ __gnu_lto/d' \> conftest.nm
configure:6473: $? = 0
configure:6539: gcc -o conftest -g -O2   conftest.c conftstm.o >&5
configure:6542: $? = 0
configure:6580: result: ok
configure:6627: checking for sysroot
configure:6657: result: no
configure:6664: checking for a working dd
configure:6702: result: /bin/dd
configure:6706: checking how to truncate binary pipes
configure:6721: result: /bin/dd bs=4096 count=1
configure:6857: gcc -c -g -O2  conftest.c >&5
configure:6860: $? = 0
configure:7050: checking for mt
configure:7066: found /bin/mt
configure:7077: result: mt
configure:7100: checking if mt is a manifest tool
configure:7106: mt '-?'
configure:7114: result: no
configure:7791: checking how to run the C preprocessor
configure:7822: gcc -E  conftest.c
configure:7822: $? = 0
configure:7836: gcc -E  conftest.c
conftest.c:11:28: fatal error: ac_nonexistent.h: No such file or directory
compilation terminated.
configure:7836: $? = 1
configure: failed program was:
| /* confdefs.h */
| #define PACKAGE_NAME "libframe"
| #define PACKAGE_TARNAME "libframe"
| #define PACKAGE_VERSION "8.30"
| #define PACKAGE_STRING "libframe 8.30"
| #define PACKAGE_BUGREPORT "daswg@ligo.org"
| #define PACKAGE_URL ""
| #define PACKAGE "libframe"
| #define VERSION "8.30"
| /* end confdefs.h.  */
| #include <ac_nonexistent.h>
configure:7861: result: gcc -E
configure:7881: gcc -E  conftest.c
configure:7881: $? = 0
configure:7895: gcc -E  conftest.c
conftest.c:11:28: fatal error: ac_nonexistent.h: No such file or directory
compilation terminated.
configure:7895: $? = 1
configure: failed program was:
| /* confdefs.h */
| #define PACKAGE_NAME "libframe"
| #define PACKAGE_TARNAME "libframe"
| #define PACKAGE_VERSION "8.30"
| #define PACKAGE_STRING "libframe 8.30"
| #define PACKAGE_BUGREPORT "daswg@ligo.org"
| #define PACKAGE_URL ""
| #define PACKAGE "libframe"
| #define VERSION "8.30"
| /* end confdefs.h.  */
| #include <ac_nonexistent.h>
configure:7924: checking for ANSI C header files
configure:7944: gcc -c -g -O2  conftest.c >&5
configure:7944: $? = 0
configure:8017: gcc -o conftest -g -O2   conftest.c  >&5
configure:8017: $? = 0
configure:8017: ./conftest
configure:8017: $? = 0
configure:8028: result: yes
configure:8041: checking for sys/types.h
configure:8041: gcc -c -g -O2  conftest.c >&5
configure:8041: $? = 0
configure:8041: result: yes
configure:8041: checking for sys/stat.h
configure:8041: gcc -c -g -O2  conftest.c >&5
configure:8041: $? = 0
configure:8041: result: yes
configure:8041: checking for stdlib.h
configure:8041: gcc -c -g -O2  conftest.c >&5
configure:8041: $? = 0
configure:8041: result: yes
configure:8041: checking for string.h
configure:8041: gcc -c -g -O2  conftest.c >&5
configure:8041: $? = 0
configure:8041: result: yes
configure:8041: checking for memory.h
configure:8041: gcc -c -g -O2  conftest.c >&5
configure:8041: $? = 0
configure:8041: result: yes
configure:8041: checking for strings.h
configure:8041: gcc -c -g -O2  conftest.c >&5
configure:8041: $? = 0
configure:8041: result: yes
configure:8041: checking for inttypes.h
configure:8041: gcc -c -g -O2  conftest.c >&5
configure:8041: $? = 0
configure:8041: result: yes
configure:8041: checking for stdint.h
configure:8041: gcc -c -g -O2  conftest.c >&5
configure:8041: $? = 0
configure:8041: result: yes
configure:8041: checking for unistd.h
configure:8041: gcc -c -g -O2  conftest.c >&5
configure:8041: $? = 0
configure:8041: result: yes
configure:8055: checking for dlfcn.h
configure:8055: gcc -c -g -O2  conftest.c >&5
configure:8055: $? = 0
configure:8055: result: yes
configure:8311: checking for objdir
configure:8326: result: .libs
configure:8590: checking if gcc supports -fno-rtti -fno-exceptions
configure:8608: gcc -c -g -O2  -fno-rtti -fno-exceptions conftest.c >&5
cc1: warning: command line option '-fno-rtti' is valid for C++/ObjC++ but not for C
configure:8612: $? = 0
configure:8625: result: no
configure:8983: checking for gcc option to produce PIC
configure:8990: result: -fPIC -DPIC
configure:8998: checking if gcc PIC flag -fPIC -DPIC works
configure:9016: gcc -c -g -O2  -fPIC -DPIC -DPIC conftest.c >&5
configure:9020: $? = 0
configure:9033: result: yes
configure:9062: checking if gcc static flag -static works
configure:9090: result: yes
configure:9105: checking if gcc supports -c -o file.o
configure:9126: gcc -c -g -O2  -o out/conftest2.o conftest.c >&5
configure:9130: $? = 0
configure:9152: result: yes
configure:9160: checking if gcc supports -c -o file.o
configure:9207: result: yes
configure:9240: checking whether the gcc linker (/usr/bin/ld -m elf_x86_64) supports shared libraries
configure:10499: result: yes
configure:10536: checking whether -lc should be explicitly linked in
configure:10544: gcc -c -g -O2  conftest.c >&5
configure:10547: $? = 0
configure:10562: gcc -shared  -fPIC -DPIC conftest.o  -v -Wl,-soname -Wl,conftest -o conftest 2\>\&1 \| /bin/grep  -lc  \>/dev/null 2\>\&1
configure:10565: $? = 0
configure:10579: result: no
configure:10739: checking dynamic linker characteristics
configure:11320: gcc -o conftest -g -O2   -Wl,-rpath -Wl,/foo conftest.c  >&5
configure:11320: $? = 0
configure:11557: result: GNU/Linux ld.so
configure:11679: checking how to hardcode library paths into programs
configure:11704: result: immediate
configure:12252: checking whether stripping libraries is possible
configure:12257: result: yes
configure:12292: checking if libtool supports shared libraries
configure:12294: result: yes
configure:12297: checking whether to build shared libraries
configure:12322: result: yes
configure:12325: checking whether to build static libraries
configure:12329: result: yes
configure:12372: checking size of long
configure:12377: gcc -o conftest -g -O2   conftest.c  >&5
configure:12377: $? = 0
configure:12377: ./conftest
configure:12377: $? = 0
configure:12391: result: 8
configure:12405: checking size of long long
configure:12410: gcc -o conftest -g -O2   conftest.c  >&5
configure:12410: $? = 0
configure:12410: ./conftest
configure:12410: $? = 0
configure:12424: result: 8
configure:12436: result: using long as 8-byte integer type
configure:12454: checking for main in -lm
configure:12473: gcc -o conftest -g -O2 -fno-strict-aliasing   conftest.c -lm   >&5
configure:12473: $? = 0
configure:12482: result: yes
configure:12497: checking whether make sets $(MAKE)
configure:12519: result: yes
configure:12637: checking that generated files are newer than configure
configure:12643: result: done
configure:12666: creating ./config.status

## ---------------------- ##
## Running config.status. ##
## ---------------------- ##

This file was extended by libframe config.status 8.30, which was
generated by GNU Autoconf 2.69.  Invocation command line was

  CONFIG_FILES    = 
  CONFIG_HEADERS  = 
  CONFIG_LINKS    = 
  CONFIG_COMMANDS = 
  $ ./config.status --quiet

on IGRlaptop21

config.status:: creating Makefile
config.status:: creating libframe.spec
config.status:: creating doc/Makefile
config.status:: creating src/Makefile
config.status:: creating src/libframe.pc
config.status:: creating src/zlib/Makefile
config.status:: creating matlab/Makefile
config.status:: creating src/config.h
config.status:: src/config.h is unchanged
config.status:: executing depfiles commands
config.status:: executing libtool commands

## ---------------- ##
## Cache variables. ##
## ---------------- ##

ac_cv_build=x86_64-unknown-linux-gnu
ac_cv_c_compiler_gnu=yes
ac_cv_env_CC_set=
ac_cv_env_CC_value=
ac_cv_env_CFLAGS_set=
ac_cv_env_CFLAGS_value=
ac_cv_env_CPPFLAGS_set=
ac_cv_env_CPPFLAGS_value=
ac_cv_env_CPP_set=
ac_cv_env_CPP_value=
ac_cv_env_LDFLAGS_set=
ac_cv_env_LDFLAGS_value=
ac_cv_env_LIBS_set=
ac_cv_env_LIBS_value=
ac_cv_env_LT_SYS_LIBRARY_PATH_set=
ac_cv_env_LT_SYS_LIBRARY_PATH_value=
ac_cv_env_build_alias_set=
ac_cv_env_build_alias_value=
ac_cv_env_host_alias_set=
ac_cv_env_host_alias_value=
ac_cv_env_target_alias_set=
ac_cv_env_target_alias_value=
ac_cv_header_dlfcn_h=yes
ac_cv_header_inttypes_h=yes
ac_cv_header_memory_h=yes
ac_cv_header_stdc=yes
ac_cv_header_stdint_h=yes
ac_cv_header_stdlib_h=yes
ac_cv_header_string_h=yes
ac_cv_header_strings_h=yes
ac_cv_header_sys_stat_h=yes
ac_cv_header_sys_types_h=yes
ac_cv_header_unistd_h=yes
ac_cv_host=x86_64-unknown-linux-gnu
ac_cv_lib_m_main=yes
ac_cv_objext=o
ac_cv_path_EGREP='/bin/grep -E'
ac_cv_path_FGREP='/bin/grep -F'
ac_cv_path_GREP=/bin/grep
ac_cv_path_SED=/bin/sed
ac_cv_path_install='/usr/bin/install -c'
ac_cv_path_lt_DD=/bin/dd
ac_cv_path_mkdir=/bin/mkdir
ac_cv_prog_AWK=mawk
ac_cv_prog_CPP='gcc -E'
ac_cv_prog_ac_ct_AR=ar
ac_cv_prog_ac_ct_CC=gcc
ac_cv_prog_ac_ct_MANIFEST_TOOL=mt
ac_cv_prog_ac_ct_OBJDUMP=objdump
ac_cv_prog_ac_ct_RANLIB=ranlib
ac_cv_prog_ac_ct_STRIP=strip
ac_cv_prog_cc_c89=
ac_cv_prog_cc_c99=
ac_cv_prog_cc_g=yes
ac_cv_prog_cc_stdc=
ac_cv_prog_make_make_set=yes
ac_cv_sizeof_long=8
ac_cv_sizeof_long_long=8
am_cv_CC_dependencies_compiler_type=gcc3
am_cv_make_support_nested_variables=yes
am_cv_prog_cc_c_o=yes
lt_cv_ar_at_file=@
lt_cv_archive_cmds_need_lc=no
lt_cv_deplibs_check_method=pass_all
lt_cv_file_magic_cmd='$MAGIC_CMD'
lt_cv_file_magic_test_file=
lt_cv_ld_reload_flag=-r
lt_cv_nm_interface='BSD nm'
lt_cv_objdir=.libs
lt_cv_path_LD=/usr/bin/ld
lt_cv_path_NM='/usr/bin/nm -B'
lt_cv_path_mainfest_tool=no
lt_cv_prog_compiler_c_o=yes
lt_cv_prog_compiler_pic='-fPIC -DPIC'
lt_cv_prog_compiler_pic_works=yes
lt_cv_prog_compiler_rtti_exceptions=no
lt_cv_prog_compiler_static_works=yes
lt_cv_prog_gnu_ld=yes
lt_cv_sharedlib_from_linklib_cmd='printf %s\n'
lt_cv_shlibpath_overrides_runpath=no
lt_cv_sys_global_symbol_pipe='sed -n -e '\''s/^.*[	 ]\([ABCDGIRSTW][ABCDGIRSTW]*\)[	 ][	 ]*\([_A-Za-z][_A-Za-z0-9]*\)$/\1 \2 \2/p'\'' | sed '\''/ __gnu_lto/d'\'''
lt_cv_sys_global_symbol_to_c_name_address='sed -n -e '\''s/^: \(.*\) .*$/  {"\1", (void *) 0},/p'\'' -e '\''s/^[ABCDGIRSTW][ABCDGIRSTW]* .* \(.*\)$/  {"\1", (void *) \&\1},/p'\'''
lt_cv_sys_global_symbol_to_c_name_address_lib_prefix='sed -n -e '\''s/^: \(.*\) .*$/  {"\1", (void *) 0},/p'\'' -e '\''s/^[ABCDGIRSTW][ABCDGIRSTW]* .* \(lib.*\)$/  {"\1", (void *) \&\1},/p'\'' -e '\''s/^[ABCDGIRSTW][ABCDGIRSTW]* .* \(.*\)$/  {"lib\1", (void *) \&\1},/p'\'''
lt_cv_sys_global_symbol_to_cdecl='sed -n -e '\''s/^T .* \(.*\)$/extern int \1();/p'\'' -e '\''s/^[ABCDGIRSTW][ABCDGIRSTW]* .* \(.*\)$/extern char \1;/p'\'''
lt_cv_sys_global_symbol_to_import=
lt_cv_sys_max_cmd_len=1572864
lt_cv_to_host_file_cmd=func_convert_file_noop
lt_cv_to_tool_file_cmd=func_convert_file_noop
lt_cv_truncate_bin='/bin/dd bs=4096 count=1'

## ----------------- ##
## Output variables. ##
## ----------------- ##

ACLOCAL='${SHELL} /home/daniel/repositories/ligo-pypi/FrameL/src/gnuscripts/missing aclocal-1.15'
AMDEPBACKSLASH='\'
AMDEP_FALSE='#'
AMDEP_TRUE=''
AMTAR='$${TAR-tar}'
AM_BACKSLASH='\'
AM_DEFAULT_V='$(AM_DEFAULT_VERBOSITY)'
AM_DEFAULT_VERBOSITY='0'
AM_V='$(V)'
AR='ar'
AUTOCONF='${SHELL} /home/daniel/repositories/ligo-pypi/FrameL/src/gnuscripts/missing autoconf'
AUTOHEADER='${SHELL} /home/daniel/repositories/ligo-pypi/FrameL/src/gnuscripts/missing autoheader'
AUTOMAKE='${SHELL} /home/daniel/repositories/ligo-pypi/FrameL/src/gnuscripts/missing automake-1.15'
AWK='mawk'
CC='gcc'
CCDEPMODE='depmode=gcc3'
CFLAGS='-g -O2 -fno-strict-aliasing'
CPP='gcc -E'
CPPFLAGS=''
CYGPATH_W='echo'
DEFS='-DHAVE_CONFIG_H'
DEPDIR='.deps'
DLLTOOL='false'
DSYMUTIL=''
DUMPBIN=''
ECHO_C=''
ECHO_N='-n'
ECHO_T=''
EGREP='/bin/grep -E'
EXEEXT=''
FGREP='/bin/grep -F'
FR_LONG_LONG_FLAG=''
GREP='/bin/grep'
INSTALL_DATA='${INSTALL} -m 644'
INSTALL_PROGRAM='${INSTALL}'
INSTALL_SCRIPT='${INSTALL}'
INSTALL_STRIP_PROGRAM='$(install_sh) -c -s'
LD='/usr/bin/ld -m elf_x86_64'
LDFLAGS=''
LIBAGE='5'
LIBCURRENT='6'
LIBOBJS=''
LIBREVISION='0'
LIBS='-lm '
LIBTOOL='$(SHELL) $(top_builddir)/libtool'
LIBVERSION='6:0:5'
LIPO=''
LN_S='ln -s'
LTLIBOBJS=''
LT_SYS_LIBRARY_PATH=''
MAKEINFO='${SHELL} /home/daniel/repositories/ligo-pypi/FrameL/src/gnuscripts/missing makeinfo'
MANIFEST_TOOL=':'
MKDIR_P='/bin/mkdir -p'
NM='/usr/bin/nm -B'
NMEDIT=''
OBJDUMP='objdump'
OBJEXT='o'
OTOOL64=''
OTOOL=''
PACKAGE='libframe'
PACKAGE_BUGREPORT='daswg@ligo.org'
PACKAGE_NAME='libframe'
PACKAGE_STRING='libframe 8.30'
PACKAGE_TARNAME='libframe'
PACKAGE_URL=''
PACKAGE_VERSION='8.30'
PATH_SEPARATOR=':'
RANLIB='ranlib'
SED='/bin/sed'
SET_MAKE=''
SHELL='/bin/sh'
STRIP='strip'
VERSION='8.30'
ac_ct_AR='ar'
ac_ct_CC='gcc'
ac_ct_DUMPBIN=''
am__EXEEXT_FALSE=''
am__EXEEXT_TRUE='#'
am__fastdepCC_FALSE='#'
am__fastdepCC_TRUE=''
am__include='include'
am__isrc=''
am__leading_dot='.'
am__nodep='_no'
am__quote=''
am__tar='$${TAR-tar} chof - "$$tardir"'
am__untar='$${TAR-tar} xf -'
bindir='${exec_prefix}/bin'
build='x86_64-unknown-linux-gnu'
build_alias=''
build_cpu='x86_64'
build_os='linux-gnu'
build_vendor='unknown'
datadir='${datarootdir}'
datarootdir='${prefix}/share'
docdir='${datarootdir}/doc/${PACKAGE_TARNAME}'
dvidir='${docdir}'
exec_prefix='${prefix}'
host='x86_64-unknown-linux-gnu'
host_alias=''
host_cpu='x86_64'
host_os='linux-gnu'
host_vendor='unknown'
htmldir='${docdir}'
includedir='${prefix}/include'
infodir='${datarootdir}/info'
install_sh='${SHELL} /home/daniel/repositories/ligo-pypi/FrameL/src/gnuscripts/install-sh'
libdir='${exec_prefix}/lib'
libexecdir='${exec_prefix}/libexec'
localedir='${datarootdir}/locale'
localstatedir='${prefix}/var'
mandir='${datarootdir}/man'
mkdir_p='$(MKDIR_P)'
oldincludedir='/usr/include'
pdfdir='${docdir}'
pkgconfigdir='${exec_prefix}/lib/pkgconfig'
prefix='//home/daniel/.virtualenvs/IGRlaptop21/test-lalinstallers'
program_transform_name='s,x,x,'
psdir='${docdir}'
runstatedir='${localstatedir}/run'
sbindir='${exec_prefix}/sbin'
sharedstatedir='${prefix}/com'
sysconfdir='${prefix}/etc'
target_alias=''

## ----------- ##
## confdefs.h. ##
## ----------- ##

/* confdefs.h */
#define PACKAGE_NAME "libframe"
#define PACKAGE_TARNAME "libframe"
#define PACKAGE_VERSION "8.30"
#define PACKAGE_STRING "libframe 8.30"
#define PACKAGE_BUGREPORT "daswg@ligo.org"
#define PACKAGE_URL ""
#define PACKAGE "libframe"
#define VERSION "8.30"
#define STDC_HEADERS 1
#define HAVE_SYS_TYPES_H 1
#define HAVE_SYS_STAT_H 1
#define HAVE_STDLIB_H 1
#define HAVE_STRING_H 1
#define HAVE_MEMORY_H 1
#define HAVE_STRINGS_H 1
#define HAVE_INTTYPES_H 1
#define HAVE_STDINT_H 1
#define HAVE_UNISTD_H 1
#define HAVE_DLFCN_H 1
#define LT_OBJDIR ".libs/"
#define SIZEOF_LONG 8
#define SIZEOF_LONG_LONG 8
#define HAVE_LIBM 1

configure: exit 0
